<?xml version="1.0" encoding="UTF-8"?>
<!-- Generated by org.testng.reporters.JUnitReportReporter -->
<testsuite skipped="0" hostname="ber-nb-004" name="scripts.TestCase1" tests="1" failures="0" timestamp="22 Nov 2018 11:40:23 GMT" time="9.844" errors="0">
  <testcase name="signInOut" time="9.844" classname="scripts.TestCase1"/>
</testsuite> <!-- scripts.TestCase1 -->
